==================================================
OpenSeeFace WebSocket Bridge
==================================================
UDP listening on: 127.0.0.1:11573
WebSocket server on: ws://0.0.0.0:8765
--------------------------------------------------
Usage:
1. Start OpenSeeFace: python facetracker.py -c 0
2. Open the web interface in your browser
3. Click 'Connect' in the web interface
==================================================
Traceback (most recent call last):
  File "/Users/quyang/Documents/aiislove.tech/opensource/OpenSeeFaceWeb/bridge/ws_bridge.py", line 204, in <module>
    asyncio.run(main())
    ~~~~~~~~~~~^^^^^^^^
  File "/opt/miniconda3/lib/python3.13/asyncio/runners.py", line 195, in run
    return runner.run(main)
           ~~~~~~~~~~^^^^^^
Client connected. Total clients: 1
Client disconnected. Total clients: 0
Client connected. Total clients: 1
_complete(task)
           ~~~~~~~~~~~~~~~~~~~~~~~~~~~~~^^^^^^
  File "/opt/miniconda3/lib/python3.13/asyncio/base_events.py", line 725, in run_until_complete
    return future.result()
           ~~~~~~~~~~~~~^^
  File "/Users/quyang/Documents/aiislove.tech/opensource/OpenSeeFaceWeb/bridge/ws_bridge.py", line 191, in main
    ws_server = await websockets.serve(ws_handler, WS_HOST, WS_PORT)
                ^^^^^^^^^^^^^^^^^^^^^^^^^^^^^^^^^^^^^^^^^^^^^^^^^^^^
  File "/opt/miniconda3/lib/python3.13/site-packages/websockets/asyncio/server.py", line 831, in __await_impl__
    server = await self.create_server
             ^^^^^^^^^^^^^^^^^^^^^^^^
  File "/opt/miniconda3/lib/python3.13/asyncio/base_events.py", line 1622, in create_server
    raise OSError(err.errno, msg) from None
OSError: [Errno 48] error while attempting to bind on address ('0.0.0.0', 8765): [errno 48] address already in use
