Traceback (most recent call last):
  File "<frozen runpy>", line 198, in _run_module_as_main
  File "<frozen runpy>", line 88, in _run_code
  File "/opt/miniconda3/lib/python3.13/http/server.py", line 1323, in <module>
    test(
    ~~~~^
        HandlerClass=handler_class,
        ^^^^^^^^^^^^^^^^^^^^^^^^^^^
    ...<3 lines>...
        protocol=args.protocol,
        ^^^^^^^^^^^^^^^^^^^^^^^
    )
    ^
  File "/opt/miniconda3/lib/python3.13/http/server.py", line 1270, in test
    with ServerClass(addr, HandlerClass) as httpd:
         ~~~~~~~~~~~^^^^^^^^^^^^^^^^^^^^
  File "/opt/miniconda3/lib/python3.13/socketserver.py", line 457, in __init__
    self.server_bind()
    ~~~~~~~~~~~~~~~~^^
  File "/opt/miniconda3/lib/python3.13/http/server.py", line 1317, in server_bind
    return super().server_bind()
           ~~~~~~~~~~~~~~~~~~~^^
  File "/opt/miniconda3/lib/python3.13/http/server.py", line 136, in server_bind
    socketserver.TCPSer::1 - - [29/Dec/2025 14:36:33] "GET / HTTP/1.1" 304 -
::1 - - [29/Dec/2025 14:36:33] "GET /js/avatar.js HTTP/1.1" 304 -
::1 - - [29/Dec/2025 14:36:33] "GET /js/app.js HTTP/1.1" 200 -
::1 - - [29/Dec/2025 14:36:35] code 404, message File not found
::1 - - [29/Dec/2025 14:36:35] "GET /.well-known/appspecific/com.chrome.devtools.json HTTP/1.1" 404 -
::1 - - [29/Dec/2025 14:39:34] "GET / HTTP/1.1" 304 -
::1 - - [29/Dec/2025 14:39:34] code 404, message File not found
::1 - - [29/Dec/2025 14:39:34] "GET /css/style.css HTTP/1.1" 304 -
::1 - - [29/Dec/2025 14:39:34] "GET /.well-known/appspecific/com.chrome.devtools.json HTTP/1.1" 404 -
::1 - - [29/Dec/2025 14:39:34] "GET /js/app.js HTTP/1.1" 304 -
::1 - - [29/Dec/2025 14:39:38] "GET / HTTP/1.1" 304 -
::1 - - [29/Dec/2025 14:39:50] code 404, message File not found
::1 - - [29/Dec/2025 14:39:50] "GET /.well-known/appspecific/com.chrome.devtools.json HTTP/1.1" 404 -
::1 - - [29/Dec/2025 14:41:35] "GET / HTTP/1.1" 304 -
::1 - - [29/Dec/2025 14:41:35] code 404, message File not found
::1 - - [29/Dec/2025 14:41:35] "GET /.well-known/appspecific/com.chrome.devtools.json HTTP/1.1" 404 -
::1 - - [29/Dec/2025 14:41:35] "GET /js/app.js HTTP/1.1" 304 -
